2014-08-14 02:12:34.241 Pigeon[7417:70b] Multi-tasking -> Device: YES, App: YES
2014-08-14 02:12:34.260 Pigeon[7417:70b] Unlimited access to network resources
2014-08-14 02:12:34.263 Pigeon[7417:70b] 

Started backup to iCloud! Please be careful.
Your application might rejected by Apple if you store too much data.
For more information please read "iOS Data Storage Guidelines"
You could find it at the following address https://developer.apple.com/icloud/documentation/data-storage/ .

2014-08-14 02:12:34.420 Pigeon[7417:70b] [CDVTimer][statusbar] 46.810985ms
2014-08-14 02:12:34.421 Pigeon[7417:70b] [CDVTimer][TotalPluginStartup] 47.689974ms
2014-08-14 02:12:34.585 Pigeon[7417:70b] Resetting plugins due to page load.
2014-08-14 02:12:34.765 Pigeon[7417:70b] Finished load of: file:///Users/MACiNO/Library/Application%20Support/iPhone%20Simulator/7.1/Applications/C588BAC4-D758-4592-A929-BC485E2052B1/Pigeon.app/www/index.html
Terminating in response to SpringBoard's termination.
2014-08-14 02:25:03.389 Pigeon[7948:70b] Multi-tasking -> Device: YES, App: YES
2014-08-14 02:25:03.409 Pigeon[7948:70b] Unlimited access to network resources
2014-08-14 02:25:03.414 Pigeon[7948:70b] 

Started backup to iCloud! Please be careful.
Your application might rejected by Apple if you store too much data.
For more information please read "iOS Data Storage Guidelines"
You could find it at the following address https://developer.apple.com/icloud/documentation/data-storage/ .

2014-08-14 02:25:03.582 Pigeon[7948:70b] [CDVTimer][statusbar] 38.341999ms
2014-08-14 02:25:03.582 Pigeon[7948:70b] [CDVTimer][TotalPluginStartup] 38.820028ms
2014-08-14 02:25:03.711 Pigeon[7948:70b] Resetting plugins due to page load.
2014-08-14 02:25:03.875 Pigeon[7948:70b] Finished load of: file:///Users/MACiNO/Library/Application%20Support/iPhone%20Simulator/7.1/Applications/C588BAC4-D758-4592-A929-BC485E2052B1/Pigeon.app/www/index.html
2014-08-14 02:31:50.937 Pigeon[8268:70b] Multi-tasking -> Device: YES, App: YES
2014-08-14 02:31:50.958 Pigeon[8268:70b] Unlimited access to network resources
2014-08-14 02:31:50.962 Pigeon[8268:70b] 

Started backup to iCloud! Please be careful.
Your application might rejected by Apple if you store too much data.
For more information please read "iOS Data Storage Guidelines"
You could find it at the following address https://developer.apple.com/icloud/documentation/data-storage/ .

2014-08-14 02:31:51.116 Pigeon[8268:70b] [CDVTimer][statusbar] 34.777045ms
2014-08-14 02:31:51.117 Pigeon[8268:70b] [CDVTimer][TotalPluginStartup] 35.236001ms
2014-08-14 02:31:51.260 Pigeon[8268:70b] Resetting plugins due to page load.
2014-08-14 02:31:51.444 Pigeon[8268:70b] Finished load of: file:///Users/MACiNO/Library/Application%20Support/iPhone%20Simulator/7.1/Applications/C588BAC4-D758-4592-A929-BC485E2052B1/Pigeon.app/www/index.html
2014-08-14 02:33:49.519 Pigeon[8694:70b] Multi-tasking -> Device: YES, App: YES
2014-08-14 02:33:49.525 Pigeon[8694:70b] Unlimited access to network resources
2014-08-14 02:33:49.528 Pigeon[8694:70b] 

Started backup to iCloud! Please be careful.
Your application might rejected by Apple if you store too much data.
For more information please read "iOS Data Storage Guidelines"
You could find it at the following address https://developer.apple.com/icloud/documentation/data-storage/ .

2014-08-14 02:33:49.551 Pigeon[8694:70b] [CDVTimer][statusbar] 7.405996ms
2014-08-14 02:33:49.551 Pigeon[8694:70b] [CDVTimer][TotalPluginStartup] 7.903993ms
2014-08-14 02:33:49.599 Pigeon[8694:70b] Resetting plugins due to page load.
2014-08-14 02:33:49.677 Pigeon[8694:70b] Finished load of: file:///Users/MACiNO/Library/Application%20Support/iPhone%20Simulator/7.1/Applications/C588BAC4-D758-4592-A929-BC485E2052B1/Pigeon.app/www/index.html
Terminating in response to SpringBoard's termination.
2014-08-14 02:34:43.575 Pigeon[8851:70b] Multi-tasking -> Device: YES, App: YES
2014-08-14 02:34:43.585 Pigeon[8851:70b] Unlimited access to network resources
2014-08-14 02:34:43.588 Pigeon[8851:70b] 

Started backup to iCloud! Please be careful.
Your application might rejected by Apple if you store too much data.
For more information please read "iOS Data Storage Guidelines"
You could find it at the following address https://developer.apple.com/icloud/documentation/data-storage/ .

2014-08-14 02:34:43.614 Pigeon[8851:70b] [CDVTimer][statusbar] 7.004023ms
2014-08-14 02:34:43.615 Pigeon[8851:70b] [CDVTimer][TotalPluginStartup] 7.498980ms
2014-08-14 02:34:43.772 Pigeon[8851:70b] Resetting plugins due to page load.
2014-08-14 02:34:43.872 Pigeon[8851:70b] Finished load of: file:///Users/MACiNO/Library/Application%20Support/iPhone%20Simulator/7.1/Applications/C588BAC4-D758-4592-A929-BC485E2052B1/Pigeon.app/www/index.html
2014-08-14 02:53:41.366 Pigeon[9747:70b] Multi-tasking -> Device: YES, App: YES
2014-08-14 02:53:41.376 Pigeon[9747:70b] Unlimited access to network resources
2014-08-14 02:53:41.378 Pigeon[9747:70b] 

Started backup to iCloud! Please be careful.
Your application might rejected by Apple if you store too much data.
For more information please read "iOS Data Storage Guidelines"
You could find it at the following address https://developer.apple.com/icloud/documentation/data-storage/ .

2014-08-14 02:53:41.401 Pigeon[9747:70b] [CDVTimer][statusbar] 7.905006ms
2014-08-14 02:53:41.401 Pigeon[9747:70b] [CDVTimer][TotalPluginStartup] 8.370996ms
2014-08-14 02:53:41.544 Pigeon[9747:70b] Resetting plugins due to page load.
2014-08-14 02:53:41.642 Pigeon[9747:70b] Finished load of: file:///Users/MACiNO/Library/Application%20Support/iPhone%20Simulator/7.1/Applications/C588BAC4-D758-4592-A929-BC485E2052B1/Pigeon.app/www/index.html
2014-08-14 02:57:04.224 Pigeon[9913:70b] Multi-tasking -> Device: YES, App: YES
2014-08-14 02:57:04.235 Pigeon[9913:70b] Unlimited access to network resources
2014-08-14 02:57:04.239 Pigeon[9913:70b] 

Started backup to iCloud! Please be careful.
Your application might rejected by Apple if you store too much data.
For more information please read "iOS Data Storage Guidelines"
You could find it at the following address https://developer.apple.com/icloud/documentation/data-storage/ .

2014-08-14 02:57:04.266 Pigeon[9913:70b] [CDVTimer][statusbar] 8.953989ms
2014-08-14 02:57:04.266 Pigeon[9913:70b] [CDVTimer][TotalPluginStartup] 9.614050ms
2014-08-14 02:57:04.442 Pigeon[9913:70b] Resetting plugins due to page load.
2014-08-14 02:57:04.535 Pigeon[9913:70b] Finished load of: file:///Users/MACiNO/Library/Application%20Support/iPhone%20Simulator/7.1/Applications/C588BAC4-D758-4592-A929-BC485E2052B1/Pigeon.app/www/index.html
2014-08-14 03:03:04.229 Pigeon[10103:70b] Multi-tasking -> Device: YES, App: YES
2014-08-14 03:03:04.238 Pigeon[10103:70b] Unlimited access to network resources
2014-08-14 03:03:04.241 Pigeon[10103:70b] 

Started backup to iCloud! Please be careful.
Your application might rejected by Apple if you store too much data.
For more information please read "iOS Data Storage Guidelines"
You could find it at the following address https://developer.apple.com/icloud/documentation/data-storage/ .

2014-08-14 03:03:04.265 Pigeon[10103:70b] [CDVTimer][statusbar] 6.671011ms
2014-08-14 03:03:04.266 Pigeon[10103:70b] [CDVTimer][TotalPluginStartup] 7.148981ms
2014-08-14 03:03:04.377 Pigeon[10103:70b] Resetting plugins due to page load.
2014-08-14 03:03:04.463 Pigeon[10103:70b] Finished load of: file:///Users/MACiNO/Library/Application%20Support/iPhone%20Simulator/7.1/Applications/C588BAC4-D758-4592-A929-BC485E2052B1/Pigeon.app/www/index.html
